<?xml version="1.0" encoding="UTF-8"?>
<!-- Generated by org.testng.reporters.JUnitXMLReporter -->
<testsuite hostname="DESKTOP-BP6165A" ignored="0" name="CompleteTest" tests="5" failures="1" timestamp="2020-04-21T15:11:32 IST" time="129.304" errors="0">
  <testcase name="ValicadteWelcomeMsg" time="0.649" classname="com.mylearning.TestCases.LoginTest"/>
  <testcase name="ValidateLogo" time="0.228" classname="com.mylearning.TestCases.LoginTest"/>
  <testcase name="checkbranch1" time="0.008" classname="com.mylearning.TestCases.LoginTest"/>
  <testcase name="testfail" time="0.03" classname="com.mylearning.TestCases.LoginTest">
    <failure type="java.lang.AssertionError" message="expected [false] but found [true]">
      <![CDATA[java.lang.AssertionError: expected [false] but found [true]
at com.mylearning.TestCases.LoginTest.testfail(LoginTest.java:72)
at java.util.ArrayList.forEach(ArrayList.java:1257)
... Removed 32 stack frames]]>
    </failure>
  </testcase> <!-- testfail -->
  <testcase name="validatelogin" time="9.176" classname="com.mylearning.TestCases.LoginTest"/>
</testsuite> <!-- CompleteTest -->
