<?xml version="1.0" encoding="UTF-8"?>
<!-- Generated by org.testng.reporters.JUnitXMLReporter -->
<testsuite ignored="0" hostname="DESKTOP-BP6165A" failures="0" tests="3" name="Default test" time="40.343" errors="0" timestamp="2020-04-11T22:39:29 IST">
  <testcase classname="com.mylearning.TestCases.LoginTest" name="ValicadteWelcomeMsg" time="1.177"/>
  <testcase classname="com.mylearning.TestCases.LoginTest" name="ValidateLogo" time="0.066"/>
  <testcase classname="com.mylearning.TestCases.LoginTest" name="validatelogin" time="9.08"/>
</testsuite> <!-- Default test -->
