<?xml version="1.0" encoding="UTF-8"?>
<testsuite xmlns:xsi="http://www.w3.org/2001/XMLSchema-instance" xsi:noNamespaceSchemaLocation="https://maven.apache.org/surefire/maven-surefire-plugin/xsd/surefire-test-report.xsd" name="com.mylearning.TestCases.LoginTest" time="159.083" tests="5" errors="0" skipped="0" failures="1">
  <properties>
[...]
</properties>
  <testcase name="ValicadteWelcomeMsg" classname="com.mylearning.TestCases.LoginTest" time="2.562"/>
  <testcase name="ValidateLogo" classname="com.mylearning.TestCases.LoginTest" time="0.097"/>
  <testcase name="checkbranch1" classname="com.mylearning.TestCases.LoginTest" time="0.02"/>
  <testcase name="testfail" classname="com.mylearning.TestCases.LoginTest" time="0.117">
    <failure message="expected [false] but found [true]" type="java.lang.AssertionError">java.lang.AssertionError: expected [false] but found [true]
	at com.mylearning.TestCases.LoginTest.testfail(LoginTest.java:72)
</failure>
    <system-out><![CDATA[after method
E:\WORK\MyFrameworkDesign
Before navigating to: 'https://classic.freecrm.com/index.html'
Navigated to:'https://classic.freecrm.com/index.html'
]]></system-out>
    <system-err><![CDATA[Starting ChromeDriver 80.0.3987.106 (f68069574609230cf9b635cd784cfb1bf81bb53a-refs/branch-heads/3987@{#882}) on port 44764
Only local connections are allowed.
Please protect ports used by ChromeDriver and related test frameworks to prevent access by malicious code.
[1587492602.907][WARNING]: Timed out connecting to Chrome, retrying...
Apr 21, 2020 11:40:04 PM org.openqa.selenium.remote.ProtocolHandshake createSession
INFO: Detected dialect: W3C
[1587492606.971][WARNING]: Timed out connecting to Chrome, retrying...
[1587492610.207][SEVERE]: Timed out receiving message from renderer: 0.100
[1587492610.308][SEVERE]: Timed out receiving message from renderer: 0.100
[1587492610.409][SEVERE]: Timed out receiving message from renderer: 0.100
[1587492610.511][SEVERE]: Timed out receiving message from renderer: 0.100
[1587492610.612][SEVERE]: Timed out receiving message from renderer: 0.100
[1587492610.714][SEVERE]: Timed out receiving message from renderer: 0.100
[1587492610.815][SEVERE]: Timed out receiving message from renderer: 0.100
[1587492610.918][SEVERE]: Timed out receiving message from renderer: 0.100
[1587492611.019][SEVERE]: Timed out receiving message from renderer: 0.100
[1587492611.120][SEVERE]: Timed out receiving message from renderer: 0.100
[1587492611.222][SEVERE]: Timed out receiving message from renderer: 0.100
[1587492611.323][SEVERE]: Timed out receiving message from renderer: 0.100
[1587492611.424][SEVERE]: Timed out receiving message from renderer: 0.100
[1587492611.525][SEVERE]: Timed out receiving message from renderer: 0.100
[1587492611.627][SEVERE]: Timed out receiving message from renderer: 0.100
[1587492611.729][SEVERE]: Timed out receiving message from renderer: 0.100
[1587492611.831][SEVERE]: Timed out receiving message from renderer: 0.100
[1587492611.933][SEVERE]: Timed out receiving message from renderer: 0.100
[1587492612.035][SEVERE]: Timed out receiving message from renderer: 0.100
[1587492612.137][SEVERE]: Timed out receiving message from renderer: 0.100
[1587492612.238][SEVERE]: Timed out receiving message from renderer: 0.100
[1587492612.340][SEVERE]: Timed out receiving message from renderer: 0.100
[1587492612.442][SEVERE]: Timed out receiving message from renderer: 0.100
[1587492612.544][SEVERE]: Timed out receiving message from renderer: 0.100
[1587492612.645][SEVERE]: Timed out receiving message from renderer: 0.100
[1587492612.747][SEVERE]: Timed out receiving message from renderer: 0.100
[1587492612.849][SEVERE]: Timed out receiving message from renderer: 0.100
[1587492612.950][SEVERE]: Timed out receiving message from renderer: 0.100
[1587492613.052][SEVERE]: Timed out receiving message from renderer: 0.100
[1587492613.153][SEVERE]: Timed out receiving message from renderer: 0.100
[1587492613.255][SEVERE]: Timed out receiving message from renderer: 0.100
[1587492613.356][SEVERE]: Timed out receiving message from renderer: 0.100
[1587492613.458][SEVERE]: Timed out receiving message from renderer: 0.100
[1587492613.559][SEVERE]: Timed out receiving message from renderer: 0.100
[1587492613.661][SEVERE]: Timed out receiving message from renderer: 0.100
[1587492613.762][SEVERE]: Timed out receiving message from renderer: 0.100
[1587492613.863][SEVERE]: Timed out receiving message from renderer: 0.100
[1587492613.965][SEVERE]: Timed out receiving message from renderer: 0.100
[1587492614.067][SEVERE]: Timed out receiving message from renderer: 0.100
[1587492614.171][SEVERE]: Timed out receiving message from renderer: 0.100
[1587492614.273][SEVERE]: Timed out receiving message from renderer: 0.100
[1587492614.375][SEVERE]: Timed out receiving message from renderer: 0.100
[1587492614.476][SEVERE]: Timed out receiving message from renderer: 0.100
[1587492614.577][SEVERE]: Timed out receiving message from renderer: 0.100
[1587492615.495][SEVERE]: Timed out receiving message from renderer: 0.100
[1587492615.596][SEVERE]: Timed out receiving message from renderer: 0.100
[1587492615.700][SEVERE]: Timed out receiving message from renderer: 0.100
[1587492615.802][SEVERE]: Timed out receiving message from renderer: 0.100
[1587492615.911][SEVERE]: Timed out receiving message from renderer: 0.100
[1587492616.020][SEVERE]: Timed out receiving message from renderer: 0.100
[1587492616.139][SEVERE]: Timed out receiving message from renderer: 0.100
[1587492616.241][SEVERE]: Timed out receiving message from renderer: 0.100
[1587492616.343][SEVERE]: Timed out receiving message from renderer: 0.100
[1587492616.444][SEVERE]: Timed out receiving message from renderer: 0.100
[1587492616.545][SEVERE]: Timed out receiving message from renderer: 0.100
[1587492616.739][SEVERE]: Timed out receiving message from renderer: 0.100
[1587492616.840][SEVERE]: Timed out receiving message from renderer: 0.100
[1587492616.942][SEVERE]: Timed out receiving message from renderer: 0.100
[1587492617.044][SEVERE]: Timed out receiving message from renderer: 0.100
[1587492617.145][SEVERE]: Timed out receiving message from renderer: 0.100
[1587492617.246][SEVERE]: Timed out receiving message from renderer: 0.100
[1587492617.348][SEVERE]: Timed out receiving message from renderer: 0.100
[1587492617.451][SEVERE]: Timed out receiving message from renderer: 0.100
[1587492617.555][SEVERE]: Timed out receiving message from renderer: 0.100
[1587492617.657][SEVERE]: Timed out receiving message from renderer: 0.100
[1587492617.780][SEVERE]: Timed out receiving message from renderer: 0.100
[1587492617.881][SEVERE]: Timed out receiving message from renderer: 0.100
[1587492617.982][SEVERE]: Timed out receiving message from renderer: 0.100
[1587492618.083][SEVERE]: Timed out receiving message from renderer: 0.100
[1587492618.185][SEVERE]: Timed out receiving message from renderer: 0.100
[1587492618.288][SEVERE]: Timed out receiving message from renderer: 0.100
[1587492618.389][SEVERE]: Timed out receiving message from renderer: 0.100
[1587492618.492][SEVERE]: Timed out receiving message from renderer: 0.100
[1587492618.594][SEVERE]: Timed out receiving message from renderer: 0.100
[1587492618.695][SEVERE]: Timed out receiving message from renderer: 0.100
[1587492618.796][SEVERE]: Timed out receiving message from renderer: 0.100
[1587492618.897][SEVERE]: Timed out receiving message from renderer: 0.100
[1587492618.999][SEVERE]: Timed out receiving message from renderer: 0.100
[1587492619.100][SEVERE]: Timed out receiving message from renderer: 0.100
[1587492619.201][SEVERE]: Timed out receiving message from renderer: 0.100
[1587492619.303][SEVERE]: Timed out receiving message from renderer: 0.100
[1587492619.407][SEVERE]: Timed out receiving message from renderer: 0.100
[1587492619.509][SEVERE]: Timed out receiving message from renderer: 0.100
[1587492619.610][SEVERE]: Timed out receiving message from renderer: 0.100
[1587492619.712][SEVERE]: Timed out receiving message from renderer: 0.100
[1587492619.813][SEVERE]: Timed out receiving message from renderer: 0.100
[1587492619.914][SEVERE]: Timed out receiving message from renderer: 0.100
[1587492620.016][SEVERE]: Timed out receiving message from renderer: 0.100
[1587492620.118][SEVERE]: Timed out receiving message from renderer: 0.100
[1587492620.219][SEVERE]: Timed out receiving message from renderer: 0.100
[1587492620.322][SEVERE]: Timed out receiving message from renderer: 0.100
[1587492620.424][SEVERE]: Timed out receiving message from renderer: 0.100
[1587492620.526][SEVERE]: Timed out receiving message from renderer: 0.100
[1587492620.628][SEVERE]: Timed out receiving message from renderer: 0.100
[1587492620.729][SEVERE]: Timed out receiving message from renderer: 0.100
[1587492620.830][SEVERE]: Timed out receiving message from renderer: 0.100
[1587492620.932][SEVERE]: Timed out receiving message from renderer: 0.100
[1587492621.033][SEVERE]: Timed out receiving message from renderer: 0.100
[1587492621.134][SEVERE]: Timed out receiving message from renderer: 0.100
[1587492621.236][SEVERE]: Timed out receiving message from renderer: 0.100
[1587492621.344][SEVERE]: Timed out receiving message from renderer: 0.100
[1587492621.445][SEVERE]: Timed out receiving message from renderer: 0.100
[1587492621.546][SEVERE]: Timed out receiving message from renderer: 0.100
[1587492621.647][SEVERE]: Timed out receiving message from renderer: 0.100
[1587492621.749][SEVERE]: Timed out receiving message from renderer: 0.100
]]></system-err>
  </testcase>
  <testcase name="validatelogin" classname="com.mylearning.TestCases.LoginTest" time="12.183"/>
</testsuite>