<?xml version="1.0" encoding="UTF-8"?>
<testng-results skipped="0" failed="1" ignored="0" total="5" passed="4">
  <reporter-output>
  </reporter-output>
  <suite name="RegressionSuite" duration-ms="129304" started-at="2020-04-21T15:09:22 IST" finished-at="2020-04-21T15:11:32 IST">
    <groups>
    </groups>
    <test name="CompleteTest" duration-ms="129304" started-at="2020-04-21T15:09:22 IST" finished-at="2020-04-21T15:11:32 IST">
      <class name="com.mylearning.TestCases.LoginTest">
        <test-method status="PASS" signature="beforemethod()[pri:0, instance:com.mylearning.TestCases.LoginTest@79da8dc5]" name="beforemethod" is-config="true" duration-ms="23084" started-at="2020-04-21T15:09:22 IST" finished-at="2020-04-21T15:09:46 IST">
          <reporter-output>
          </reporter-output>
        </test-method> <!-- beforemethod -->
        <test-method status="PASS" signature="ValicadteWelcomeMsg()[pri:0, instance:com.mylearning.TestCases.LoginTest@79da8dc5]" name="ValicadteWelcomeMsg" duration-ms="649" started-at="2020-04-21T15:09:46 IST" finished-at="2020-04-21T15:09:46 IST">
          <reporter-output>
          </reporter-output>
        </test-method> <!-- ValicadteWelcomeMsg -->
        <test-method status="PASS" signature="aftermethod()[pri:0, instance:com.mylearning.TestCases.LoginTest@79da8dc5]" name="aftermethod" is-config="true" duration-ms="708" started-at="2020-04-21T15:09:46 IST" finished-at="2020-04-21T15:09:47 IST">
          <reporter-output>
          </reporter-output>
        </test-method> <!-- aftermethod -->
        <test-method status="PASS" signature="beforemethod()[pri:0, instance:com.mylearning.TestCases.LoginTest@79da8dc5]" name="beforemethod" is-config="true" duration-ms="23127" started-at="2020-04-21T15:09:47 IST" finished-at="2020-04-21T15:10:10 IST">
          <reporter-output>
          </reporter-output>
        </test-method> <!-- beforemethod -->
        <test-method status="PASS" signature="ValidateLogo()[pri:0, instance:com.mylearning.TestCases.LoginTest@79da8dc5]" name="ValidateLogo" duration-ms="228" started-at="2020-04-21T15:10:10 IST" finished-at="2020-04-21T15:10:10 IST">
          <reporter-output>
          </reporter-output>
        </test-method> <!-- ValidateLogo -->
        <test-method status="PASS" signature="aftermethod()[pri:0, instance:com.mylearning.TestCases.LoginTest@79da8dc5]" name="aftermethod" is-config="true" duration-ms="798" started-at="2020-04-21T15:10:10 IST" finished-at="2020-04-21T15:10:11 IST">
          <reporter-output>
          </reporter-output>
        </test-method> <!-- aftermethod -->
        <test-method status="PASS" signature="beforemethod()[pri:0, instance:com.mylearning.TestCases.LoginTest@79da8dc5]" name="beforemethod" is-config="true" duration-ms="17980" started-at="2020-04-21T15:10:11 IST" finished-at="2020-04-21T15:10:29 IST">
          <reporter-output>
          </reporter-output>
        </test-method> <!-- beforemethod -->
        <test-method status="PASS" signature="checkbranch1()[pri:0, instance:com.mylearning.TestCases.LoginTest@79da8dc5]" name="checkbranch1" duration-ms="8" started-at="2020-04-21T15:10:29 IST" finished-at="2020-04-21T15:10:29 IST">
          <reporter-output>
          </reporter-output>
        </test-method> <!-- checkbranch1 -->
        <test-method status="PASS" signature="aftermethod()[pri:0, instance:com.mylearning.TestCases.LoginTest@79da8dc5]" name="aftermethod" is-config="true" duration-ms="822" started-at="2020-04-21T15:10:29 IST" finished-at="2020-04-21T15:10:30 IST">
          <reporter-output>
          </reporter-output>
        </test-method> <!-- aftermethod -->
        <test-method status="PASS" signature="beforemethod()[pri:0, instance:com.mylearning.TestCases.LoginTest@79da8dc5]" name="beforemethod" is-config="true" duration-ms="24352" started-at="2020-04-21T15:10:30 IST" finished-at="2020-04-21T15:10:54 IST">
          <reporter-output>
          </reporter-output>
        </test-method> <!-- beforemethod -->
        <test-method status="FAIL" signature="testfail()[pri:0, instance:com.mylearning.TestCases.LoginTest@79da8dc5]" name="testfail" duration-ms="30" started-at="2020-04-21T15:10:54 IST" finished-at="2020-04-21T15:10:54 IST">
          <exception class="java.lang.AssertionError">
            <message>
              <![CDATA[expected [false] but found [true]]]>
            </message>
            <full-stacktrace>
              <![CDATA[java.lang.AssertionError: expected [false] but found [true]
at org.testng.Assert.fail(Assert.java:97)
at org.testng.Assert.assertEqualsImpl(Assert.java:136)
at org.testng.Assert.assertEquals(Assert.java:118)
at org.testng.Assert.assertEquals(Assert.java:751)
at org.testng.Assert.assertEquals(Assert.java:761)
at com.mylearning.TestCases.LoginTest.testfail(LoginTest.java:72)
at sun.reflect.NativeMethodAccessorImpl.invoke0(Native Method)
at sun.reflect.NativeMethodAccessorImpl.invoke(NativeMethodAccessorImpl.java:62)
at sun.reflect.DelegatingMethodAccessorImpl.invoke(DelegatingMethodAccessorImpl.java:43)
at java.lang.reflect.Method.invoke(Method.java:498)
at org.testng.internal.MethodInvocationHelper.invokeMethod(MethodInvocationHelper.java:134)
at org.testng.internal.TestInvoker.invokeMethod(TestInvoker.java:597)
at org.testng.internal.TestInvoker.invokeTestMethod(TestInvoker.java:173)
at org.testng.internal.MethodRunner.runInSequence(MethodRunner.java:46)
at org.testng.internal.TestInvoker$MethodInvocationAgent.invoke(TestInvoker.java:816)
at org.testng.internal.TestInvoker.invokeTestMethods(TestInvoker.java:146)
at org.testng.internal.TestMethodWorker.invokeTestMethods(TestMethodWorker.java:146)
at org.testng.internal.TestMethodWorker.run(TestMethodWorker.java:128)
at java.util.ArrayList.forEach(ArrayList.java:1257)
at org.testng.TestRunner.privateRun(TestRunner.java:766)
at org.testng.TestRunner.run(TestRunner.java:587)
at org.testng.SuiteRunner.runTest(SuiteRunner.java:384)
at org.testng.SuiteRunner.runSequentially(SuiteRunner.java:378)
at org.testng.SuiteRunner.privateRun(SuiteRunner.java:337)
at org.testng.SuiteRunner.run(SuiteRunner.java:286)
at org.testng.SuiteRunnerWorker.runSuite(SuiteRunnerWorker.java:53)
at org.testng.SuiteRunnerWorker.run(SuiteRunnerWorker.java:96)
at org.testng.TestNG.runSuitesSequentially(TestNG.java:1187)
at org.testng.TestNG.runSuitesLocally(TestNG.java:1109)
at org.testng.TestNG.runSuites(TestNG.java:1039)
at org.testng.TestNG.run(TestNG.java:1007)
at org.testng.remote.AbstractRemoteTestNG.run(AbstractRemoteTestNG.java:115)
at org.testng.remote.RemoteTestNG.initAndRun(RemoteTestNG.java:251)
at org.testng.remote.RemoteTestNG.main(RemoteTestNG.java:77)
]]>
            </full-stacktrace>
          </exception> <!-- java.lang.AssertionError -->
          <reporter-output>
          </reporter-output>
        </test-method> <!-- testfail -->
        <test-method status="PASS" signature="aftermethod()[pri:0, instance:com.mylearning.TestCases.LoginTest@79da8dc5]" name="aftermethod" is-config="true" duration-ms="871" started-at="2020-04-21T15:10:56 IST" finished-at="2020-04-21T15:10:57 IST">
          <reporter-output>
          </reporter-output>
        </test-method> <!-- aftermethod -->
        <test-method status="PASS" signature="beforemethod()[pri:0, instance:com.mylearning.TestCases.LoginTest@79da8dc5]" name="beforemethod" is-config="true" duration-ms="24799" started-at="2020-04-21T15:10:57 IST" finished-at="2020-04-21T15:11:22 IST">
          <reporter-output>
          </reporter-output>
        </test-method> <!-- beforemethod -->
        <test-method status="PASS" signature="validatelogin()[pri:0, instance:com.mylearning.TestCases.LoginTest@79da8dc5]" name="validatelogin" duration-ms="9176" started-at="2020-04-21T15:11:22 IST" finished-at="2020-04-21T15:11:31 IST">
          <reporter-output>
          </reporter-output>
        </test-method> <!-- validatelogin -->
        <test-method status="PASS" signature="aftermethod()[pri:0, instance:com.mylearning.TestCases.LoginTest@79da8dc5]" name="aftermethod" is-config="true" duration-ms="760" started-at="2020-04-21T15:11:31 IST" finished-at="2020-04-21T15:11:32 IST">
          <reporter-output>
          </reporter-output>
        </test-method> <!-- aftermethod -->
      </class> <!-- com.mylearning.TestCases.LoginTest -->
    </test> <!-- CompleteTest -->
  </suite> <!-- RegressionSuite -->
</testng-results>
